2019-05-10 17:39:55,564 INFO  o.s.b.c.e.AnnotationConfigEmbeddedWebApplicationContext[987]: Closing org.springframework.boot.context.embedded.AnnotationConfigEmbeddedWebApplicationContext@dcf2e6: startup date [Fri May 10 16:16:20 CST 2019]; root of context hierarchy
2019-05-10 17:39:55,574 INFO  o.s.c.s.DefaultLifecycleProcessor[356]: Stopping beans in phase 0
2019-05-10 17:39:55,574 INFO  o.s.b.a.e.j.EndpointMBeanExporter[449]: Unregistering JMX-exposed beans on shutdown
2019-05-10 17:39:55,575 INFO  o.s.b.a.e.j.EndpointMBeanExporter[241]: Unregistering JMX-exposed beans
2019-05-10 17:39:55,575 INFO  o.s.j.e.a.AnnotationMBeanExporter[449]: Unregistering JMX-exposed beans on shutdown
2019-05-10 17:39:55,576 INFO  o.s.j.e.a.AnnotationMBeanExporter[241]: Unregistering JMX-exposed beans
2019-05-10 17:39:55,609 INFO  o.s.s.c.ThreadPoolTaskExecutor[203]: Shutting down ExecutorService
2019-05-10 17:39:55,883 INFO  com.spier.Start[48]: Starting Start on PC-20190327HNAO with PID 19716 (F:\CodeWoring\U_sdkcoding\ssm-test\target\classes started by Administrator in F:\CodeWoring\U_sdkcoding\ssm-test)
2019-05-10 17:39:55,883 INFO  com.spier.Start[662]: No active profile set, falling back to default profiles: default
2019-05-10 17:39:55,889 INFO  o.s.b.c.e.AnnotationConfigEmbeddedWebApplicationContext[582]: Refreshing org.springframework.boot.context.embedded.AnnotationConfigEmbeddedWebApplicationContext@12ef5e: startup date [Fri May 10 17:39:55 CST 2019]; root of context hierarchy
2019-05-10 17:39:56,424 INFO  o.s.c.a.AnnotationUtils[1868]: Failed to introspect annotations on [class org.springframework.boot.actuate.autoconfigure.EndpointWebMvcHypermediaManagementContextConfiguration]: java.lang.ArrayStoreException: sun.reflect.annotation.TypeNotPresentExceptionProxy
2019-05-10 17:39:56,425 INFO  o.s.c.a.AnnotationUtils[1868]: Failed to introspect annotations on [class org.springframework.boot.actuate.autoconfigure.EndpointWebMvcHypermediaManagementContextConfiguration]: java.lang.ArrayStoreException: sun.reflect.annotation.TypeNotPresentExceptionProxy
2019-05-10 17:39:56,932 INFO  o.s.d.r.c.RepositoryConfigurationDelegate[170]: Multiple Spring Data modules found, entering strict repository configuration mode!
2019-05-10 17:39:56,992 INFO  o.s.c.s.PostProcessorRegistrationDelegate$BeanPostProcessorChecker[325]: Bean 'org.springframework.transaction.annotation.ProxyTransactionManagementConfiguration' of type [class org.springframework.transaction.annotation.ProxyTransactionManagementConfiguration$$EnhancerBySpringCGLIB$$22f79087] is not eligible for getting processed by all BeanPostProcessors (for example: not eligible for auto-proxying)
2019-05-10 17:39:56,994 INFO  o.s.c.s.PostProcessorRegistrationDelegate$BeanPostProcessorChecker[325]: Bean 'org.springframework.cache.annotation.ProxyCachingConfiguration' of type [class org.springframework.cache.annotation.ProxyCachingConfiguration$$EnhancerBySpringCGLIB$$6c09c6a5] is not eligible for getting processed by all BeanPostProcessors (for example: not eligible for auto-proxying)
2019-05-10 17:39:56,996 INFO  o.s.c.s.PostProcessorRegistrationDelegate$BeanPostProcessorChecker[325]: Bean 'org.springframework.boot.autoconfigure.cache.CacheAutoConfiguration' of type [class org.springframework.boot.autoconfigure.cache.CacheAutoConfiguration$$EnhancerBySpringCGLIB$$607d8b49] is not eligible for getting processed by all BeanPostProcessors (for example: not eligible for auto-proxying)
2019-05-10 17:39:57,016 INFO  o.s.c.s.PostProcessorRegistrationDelegate$BeanPostProcessorChecker[325]: Bean 'spring.cache-org.springframework.boot.autoconfigure.cache.CacheProperties' of type [class org.springframework.boot.autoconfigure.cache.CacheProperties] is not eligible for getting processed by all BeanPostProcessors (for example: not eligible for auto-proxying)
2019-05-10 17:39:57,028 INFO  o.s.c.s.PostProcessorRegistrationDelegate$BeanPostProcessorChecker[325]: Bean 'org.springframework.boot.autoconfigure.cache.CacheManagerCustomizers' of type [class org.springframework.boot.autoconfigure.cache.CacheManagerCustomizers] is not eligible for getting processed by all BeanPostProcessors (for example: not eligible for auto-proxying)
2019-05-10 17:39:57,029 INFO  o.s.c.s.PostProcessorRegistrationDelegate$BeanPostProcessorChecker[325]: Bean 'org.springframework.boot.autoconfigure.cache.RedisCacheConfiguration' of type [class org.springframework.boot.autoconfigure.cache.RedisCacheConfiguration$$EnhancerBySpringCGLIB$$110f27a3] is not eligible for getting processed by all BeanPostProcessors (for example: not eligible for auto-proxying)
2019-05-10 17:39:57,031 INFO  o.s.c.s.PostProcessorRegistrationDelegate$BeanPostProcessorChecker[325]: Bean 'org.springframework.boot.autoconfigure.data.redis.RedisAutoConfiguration$RedisConfiguration' of type [class org.springframework.boot.autoconfigure.data.redis.RedisAutoConfiguration$RedisConfiguration$$EnhancerBySpringCGLIB$$689a1614] is not eligible for getting processed by all BeanPostProcessors (for example: not eligible for auto-proxying)
2019-05-10 17:39:57,041 INFO  o.s.c.s.PostProcessorRegistrationDelegate$BeanPostProcessorChecker[325]: Bean 'spring.redis-org.springframework.boot.autoconfigure.data.redis.RedisProperties' of type [class org.springframework.boot.autoconfigure.data.redis.RedisProperties] is not eligible for getting processed by all BeanPostProcessors (for example: not eligible for auto-proxying)
2019-05-10 17:39:57,043 INFO  o.s.c.s.PostProcessorRegistrationDelegate$BeanPostProcessorChecker[325]: Bean 'org.springframework.boot.autoconfigure.data.redis.RedisAutoConfiguration$RedisConnectionConfiguration' of type [class org.springframework.boot.autoconfigure.data.redis.RedisAutoConfiguration$RedisConnectionConfiguration$$EnhancerBySpringCGLIB$$b6f1b796] is not eligible for getting processed by all BeanPostProcessors (for example: not eligible for auto-proxying)
2019-05-10 17:39:57,055 INFO  o.s.s.c.ThreadPoolTaskExecutor[165]: Initializing ExecutorService 
2019-05-10 17:39:57,056 INFO  o.s.c.s.PostProcessorRegistrationDelegate$BeanPostProcessorChecker[325]: Bean 'redisConnectionFactory' of type [class org.springframework.data.redis.connection.jedis.JedisConnectionFactory] is not eligible for getting processed by all BeanPostProcessors (for example: not eligible for auto-proxying)
2019-05-10 17:39:57,057 INFO  o.s.c.s.PostProcessorRegistrationDelegate$BeanPostProcessorChecker[325]: Bean 'redisTemplate' of type [class org.springframework.data.redis.core.RedisTemplate] is not eligible for getting processed by all BeanPostProcessors (for example: not eligible for auto-proxying)
2019-05-10 17:39:57,059 INFO  o.s.c.s.PostProcessorRegistrationDelegate$BeanPostProcessorChecker[325]: Bean 'cacheManager' of type [class org.springframework.data.redis.cache.RedisCacheManager] is not eligible for getting processed by all BeanPostProcessors (for example: not eligible for auto-proxying)
2019-05-10 17:39:57,060 INFO  o.s.c.s.PostProcessorRegistrationDelegate$BeanPostProcessorChecker[325]: Bean 'cacheAutoConfigurationValidator' of type [class org.springframework.boot.autoconfigure.cache.CacheAutoConfiguration$CacheManagerValidator] is not eligible for getting processed by all BeanPostProcessors (for example: not eligible for auto-proxying)
2019-05-10 17:39:57,169 INFO  o.s.b.c.e.t.TomcatEmbeddedServletContainer[89]: Tomcat initialized with port(s): 8080 (http)
2019-05-10 17:39:57,169 INFO  o.a.c.core.StandardService[179]: Starting service Tomcat
2019-05-10 17:39:57,169 INFO  o.a.c.core.StandardEngine[179]: Starting Servlet Engine: Apache Tomcat/8.5.11
2019-05-10 17:39:57,182 INFO  o.a.c.c.C.[.[.[/sdktest][179]: Initializing Spring embedded WebApplicationContext
2019-05-10 17:39:57,182 INFO  o.s.web.context.ContextLoader[276]: Root WebApplicationContext: initialization completed in 1293 ms
2019-05-10 17:39:57,257 INFO  o.s.b.w.s.ServletRegistrationBean[190]: Mapping servlet: 'dispatcherServlet' to [/]
2019-05-10 17:39:57,257 INFO  o.s.b.w.s.FilterRegistrationBean[258]: Mapping filter: 'metricsFilter' to: [/*]
2019-05-10 17:39:57,257 INFO  o.s.b.w.s.FilterRegistrationBean[258]: Mapping filter: 'characterEncodingFilter' to: [/*]
2019-05-10 17:39:57,258 INFO  o.s.b.w.s.FilterRegistrationBean[258]: Mapping filter: 'hiddenHttpMethodFilter' to: [/*]
2019-05-10 17:39:57,258 INFO  o.s.b.w.s.FilterRegistrationBean[258]: Mapping filter: 'httpPutFormContentFilter' to: [/*]
2019-05-10 17:39:57,258 INFO  o.s.b.w.s.FilterRegistrationBean[258]: Mapping filter: 'requestContextFilter' to: [/*]
2019-05-10 17:39:57,258 INFO  o.s.b.w.s.FilterRegistrationBean[258]: Mapping filter: 'webRequestLoggingFilter' to: [/*]
2019-05-10 17:39:57,258 INFO  o.s.b.w.s.FilterRegistrationBean[258]: Mapping filter: 'applicationContextIdFilter' to: [/*]
2019-05-10 17:39:57,576 INFO  o.s.w.s.m.m.a.RequestMappingHandlerAdapter[534]: Looking for @ControllerAdvice: org.springframework.boot.context.embedded.AnnotationConfigEmbeddedWebApplicationContext@12ef5e: startup date [Fri May 10 17:39:55 CST 2019]; root of context hierarchy
2019-05-10 17:39:57,590 INFO  o.s.w.s.m.m.a.RequestMappingHandlerMapping[543]: Mapped "{[/pushObject]}" onto public java.lang.Object com.spier.controller.RedisTestController.testRedisPush()
2019-05-10 17:39:57,591 INFO  o.s.w.s.m.m.a.RequestMappingHandlerMapping[543]: Mapped "{[/push2]}" onto public java.lang.Object com.spier.controller.RedisTestController.testRedisPush2(java.lang.String)
2019-05-10 17:39:57,591 INFO  o.s.w.s.m.m.a.RequestMappingHandlerMapping[543]: Mapped "{[/pushList]}" onto public java.lang.Object com.spier.controller.RedisTestController.testRedisPush2()
2019-05-10 17:39:57,591 INFO  o.s.w.s.m.m.a.RequestMappingHandlerMapping[543]: Mapped "{[/pushObjectList]}" onto public java.lang.Object com.spier.controller.RedisTestController.testRedisPush3()
2019-05-10 17:39:57,592 INFO  o.s.w.s.m.m.a.RequestMappingHandlerMapping[543]: Mapped "{[/pop]}" onto public java.lang.Object com.spier.controller.RedisTestController.testRedisPop(java.lang.String)
2019-05-10 17:39:57,592 INFO  o.s.w.s.m.m.a.RequestMappingHandlerMapping[543]: Mapped "{[/list/{name}]}" onto public java.util.List<com.spier.entity.User> com.spier.controller.UserControlelr.queryUserAll(java.lang.String)
2019-05-10 17:39:57,592 INFO  o.s.w.s.m.m.a.RequestMappingHandlerMapping[543]: Mapped "{[/hello]}" onto public java.lang.String com.spier.controller.UserControlelr.HelloWorld()
2019-05-10 17:39:57,594 INFO  o.s.w.s.m.m.a.RequestMappingHandlerMapping[543]: Mapped "{[/error]}" onto public org.springframework.http.ResponseEntity<java.util.Map<java.lang.String, java.lang.Object>> org.springframework.boot.autoconfigure.web.BasicErrorController.error(javax.servlet.http.HttpServletRequest)
2019-05-10 17:39:57,594 INFO  o.s.w.s.m.m.a.RequestMappingHandlerMapping[543]: Mapped "{[/error],produces=[text/html]}" onto public org.springframework.web.servlet.ModelAndView org.springframework.boot.autoconfigure.web.BasicErrorController.errorHtml(javax.servlet.http.HttpServletRequest,javax.servlet.http.HttpServletResponse)
2019-05-10 17:39:57,608 INFO  o.s.w.s.h.SimpleUrlHandlerMapping[354]: Mapped URL path [/webjars/**] onto handler of type [class org.springframework.web.servlet.resource.ResourceHttpRequestHandler]
2019-05-10 17:39:57,609 INFO  o.s.w.s.h.SimpleUrlHandlerMapping[354]: Mapped URL path [/**] onto handler of type [class org.springframework.web.servlet.resource.ResourceHttpRequestHandler]
2019-05-10 17:39:57,630 INFO  o.s.w.s.h.SimpleUrlHandlerMapping[354]: Mapped URL path [/**/favicon.ico] onto handler of type [class org.springframework.web.servlet.resource.ResourceHttpRequestHandler]
2019-05-10 17:39:57,805 INFO  o.s.b.a.e.m.EndpointHandlerMapping[543]: Mapped "{[/info || /info.json],methods=[GET],produces=[application/json]}" onto public java.lang.Object org.springframework.boot.actuate.endpoint.mvc.EndpointMvcAdapter.invoke()
2019-05-10 17:39:57,805 INFO  o.s.b.a.e.m.EndpointHandlerMapping[543]: Mapped "{[/configprops || /configprops.json],methods=[GET],produces=[application/json]}" onto public java.lang.Object org.springframework.boot.actuate.endpoint.mvc.EndpointMvcAdapter.invoke()
2019-05-10 17:39:57,806 INFO  o.s.b.a.e.m.EndpointHandlerMapping[543]: Mapped "{[/heapdump || /heapdump.json],methods=[GET],produces=[application/octet-stream]}" onto public void org.springframework.boot.actuate.endpoint.mvc.HeapdumpMvcEndpoint.invoke(boolean,javax.servlet.http.HttpServletRequest,javax.servlet.http.HttpServletResponse) throws java.io.IOException,javax.servlet.ServletException
2019-05-10 17:39:57,807 INFO  o.s.b.a.e.m.EndpointHandlerMapping[543]: Mapped "{[/dump || /dump.json],methods=[GET],produces=[application/json]}" onto public java.lang.Object org.springframework.boot.actuate.endpoint.mvc.EndpointMvcAdapter.invoke()
2019-05-10 17:39:57,808 INFO  o.s.b.a.e.m.EndpointHandlerMapping[543]: Mapped "{[/mappings || /mappings.json],methods=[GET],produces=[application/json]}" onto public java.lang.Object org.springframework.boot.actuate.endpoint.mvc.EndpointMvcAdapter.invoke()
2019-05-10 17:39:57,809 INFO  o.s.b.a.e.m.EndpointHandlerMapping[543]: Mapped "{[/health || /health.json],produces=[application/json]}" onto public java.lang.Object org.springframework.boot.actuate.endpoint.mvc.HealthMvcEndpoint.invoke(java.security.Principal)
2019-05-10 17:39:57,810 INFO  o.s.b.a.e.m.EndpointHandlerMapping[543]: Mapped "{[/metrics/{name:.*}],methods=[GET],produces=[application/json]}" onto public java.lang.Object org.springframework.boot.actuate.endpoint.mvc.MetricsMvcEndpoint.value(java.lang.String)
2019-05-10 17:39:57,811 INFO  o.s.b.a.e.m.EndpointHandlerMapping[543]: Mapped "{[/metrics || /metrics.json],methods=[GET],produces=[application/json]}" onto public java.lang.Object org.springframework.boot.actuate.endpoint.mvc.EndpointMvcAdapter.invoke()
2019-05-10 17:39:57,813 INFO  o.s.b.a.e.m.EndpointHandlerMapping[543]: Mapped "{[/env/{name:.*}],methods=[GET],produces=[application/json]}" onto public java.lang.Object org.springframework.boot.actuate.endpoint.mvc.EnvironmentMvcEndpoint.value(java.lang.String)
2019-05-10 17:39:57,814 INFO  o.s.b.a.e.m.EndpointHandlerMapping[543]: Mapped "{[/env || /env.json],methods=[GET],produces=[application/json]}" onto public java.lang.Object org.springframework.boot.actuate.endpoint.mvc.EndpointMvcAdapter.invoke()
2019-05-10 17:39:57,816 INFO  o.s.b.a.e.m.EndpointHandlerMapping[543]: Mapped "{[/trace || /trace.json],methods=[GET],produces=[application/json]}" onto public java.lang.Object org.springframework.boot.actuate.endpoint.mvc.EndpointMvcAdapter.invoke()
2019-05-10 17:39:57,817 INFO  o.s.b.a.e.m.EndpointHandlerMapping[543]: Mapped "{[/autoconfig || /autoconfig.json],methods=[GET],produces=[application/json]}" onto public java.lang.Object org.springframework.boot.actuate.endpoint.mvc.EndpointMvcAdapter.invoke()
2019-05-10 17:39:57,818 INFO  o.s.b.a.e.m.EndpointHandlerMapping[543]: Mapped "{[/beans || /beans.json],methods=[GET],produces=[application/json]}" onto public java.lang.Object org.springframework.boot.actuate.endpoint.mvc.EndpointMvcAdapter.invoke()
2019-05-10 17:39:57,895 INFO  o.s.b.d.a.OptionalLiveReloadServer[58]: LiveReload server is running on port 35729
2019-05-10 17:39:58,119 INFO  o.s.j.e.a.AnnotationMBeanExporter[431]: Registering beans for JMX exposure on startup
2019-05-10 17:39:58,121 INFO  o.s.j.e.a.AnnotationMBeanExporter[916]: Bean with name 'dataSource' has been autodetected for JMX exposure
2019-05-10 17:39:58,126 INFO  o.s.j.e.a.AnnotationMBeanExporter[671]: Located MBean 'dataSource': registering with JMX server as MBean [com.alibaba.druid.pool:name=dataSource,type=DruidDataSource]
2019-05-10 17:39:58,127 INFO  o.s.b.a.e.j.EndpointMBeanExporter[431]: Registering beans for JMX exposure on startup
2019-05-10 17:39:58,128 INFO  o.s.c.s.DefaultLifecycleProcessor[341]: Starting beans in phase 0
2019-05-10 17:39:58,129 INFO  o.s.b.a.e.j.EndpointMBeanExporter[678]: Located managed bean 'requestMappingEndpoint': registering with JMX server as MBean [org.springframework.boot:type=Endpoint,name=requestMappingEndpoint]
2019-05-10 17:39:58,131 INFO  o.s.b.a.e.j.EndpointMBeanExporter[678]: Located managed bean 'environmentEndpoint': registering with JMX server as MBean [org.springframework.boot:type=Endpoint,name=environmentEndpoint]
2019-05-10 17:39:58,135 INFO  o.s.b.a.e.j.EndpointMBeanExporter[678]: Located managed bean 'healthEndpoint': registering with JMX server as MBean [org.springframework.boot:type=Endpoint,name=healthEndpoint]
2019-05-10 17:39:58,137 INFO  o.s.b.a.e.j.EndpointMBeanExporter[678]: Located managed bean 'beansEndpoint': registering with JMX server as MBean [org.springframework.boot:type=Endpoint,name=beansEndpoint]
2019-05-10 17:39:58,139 INFO  o.s.b.a.e.j.EndpointMBeanExporter[678]: Located managed bean 'infoEndpoint': registering with JMX server as MBean [org.springframework.boot:type=Endpoint,name=infoEndpoint]
2019-05-10 17:39:58,141 INFO  o.s.b.a.e.j.EndpointMBeanExporter[678]: Located managed bean 'metricsEndpoint': registering with JMX server as MBean [org.springframework.boot:type=Endpoint,name=metricsEndpoint]
2019-05-10 17:39:58,143 INFO  o.s.b.a.e.j.EndpointMBeanExporter[678]: Located managed bean 'traceEndpoint': registering with JMX server as MBean [org.springframework.boot:type=Endpoint,name=traceEndpoint]
2019-05-10 17:39:58,145 INFO  o.s.b.a.e.j.EndpointMBeanExporter[678]: Located managed bean 'dumpEndpoint': registering with JMX server as MBean [org.springframework.boot:type=Endpoint,name=dumpEndpoint]
2019-05-10 17:39:58,148 INFO  o.s.b.a.e.j.EndpointMBeanExporter[678]: Located managed bean 'autoConfigurationReportEndpoint': registering with JMX server as MBean [org.springframework.boot:type=Endpoint,name=autoConfigurationReportEndpoint]
2019-05-10 17:39:58,151 INFO  o.s.b.a.e.j.EndpointMBeanExporter[678]: Located managed bean 'configurationPropertiesReportEndpoint': registering with JMX server as MBean [org.springframework.boot:type=Endpoint,name=configurationPropertiesReportEndpoint]
2019-05-10 17:39:58,157 INFO  o.a.c.http11.Http11NioProtocol[179]: Initializing ProtocolHandler ["http-nio-8080"]
2019-05-10 17:39:58,157 INFO  o.a.c.http11.Http11NioProtocol[179]: Starting ProtocolHandler [http-nio-8080]
2019-05-10 17:39:58,163 INFO  o.a.t.util.net.NioSelectorPool[179]: Using a shared selector for servlet write/read
2019-05-10 17:39:58,175 INFO  o.s.b.c.e.t.TomcatEmbeddedServletContainer[192]: Tomcat started on port(s): 8080 (http)
2019-05-10 17:39:58,178 INFO  com.spier.Start[57]: Started Start in 2.361 seconds (JVM running for 8817.003)
2019-05-10 17:40:27,559 INFO  com.spier.Start[48]: Starting Start on PC-20190327HNAO with PID 25460 (F:\CodeWoring\U_sdkcoding\ssm-test\target\classes started by Administrator in F:\CodeWoring\U_sdkcoding\ssm-test)
2019-05-10 17:40:27,564 INFO  com.spier.Start[662]: No active profile set, falling back to default profiles: default
2019-05-10 17:40:27,623 INFO  o.s.b.c.e.AnnotationConfigEmbeddedWebApplicationContext[582]: Refreshing org.springframework.boot.context.embedded.AnnotationConfigEmbeddedWebApplicationContext@4fc644: startup date [Fri May 10 17:40:27 CST 2019]; root of context hierarchy
2019-05-10 17:40:27,688 INFO  o.h.v.internal.util.Version[30]: HV000001: Hibernate Validator 5.2.4.Final
2019-05-10 17:40:28,362 INFO  o.s.c.a.AnnotationUtils[1868]: Failed to introspect annotations on [class org.springframework.boot.actuate.autoconfigure.EndpointWebMvcHypermediaManagementContextConfiguration]: java.lang.ArrayStoreException: sun.reflect.annotation.TypeNotPresentExceptionProxy
2019-05-10 17:40:28,363 INFO  o.s.c.a.AnnotationUtils[1868]: Failed to introspect annotations on [class org.springframework.boot.actuate.autoconfigure.EndpointWebMvcHypermediaManagementContextConfiguration]: java.lang.ArrayStoreException: sun.reflect.annotation.TypeNotPresentExceptionProxy
2019-05-10 17:40:29,121 INFO  o.s.d.r.c.RepositoryConfigurationDelegate[170]: Multiple Spring Data modules found, entering strict repository configuration mode!
2019-05-10 17:40:29,519 INFO  o.s.c.s.PostProcessorRegistrationDelegate$BeanPostProcessorChecker[325]: Bean 'org.springframework.transaction.annotation.ProxyTransactionManagementConfiguration' of type [class org.springframework.transaction.annotation.ProxyTransactionManagementConfiguration$$EnhancerBySpringCGLIB$$7dd4e329] is not eligible for getting processed by all BeanPostProcessors (for example: not eligible for auto-proxying)
2019-05-10 17:40:29,525 INFO  o.s.c.s.PostProcessorRegistrationDelegate$BeanPostProcessorChecker[325]: Bean 'org.springframework.cache.annotation.ProxyCachingConfiguration' of type [class org.springframework.cache.annotation.ProxyCachingConfiguration$$EnhancerBySpringCGLIB$$c6e71947] is not eligible for getting processed by all BeanPostProcessors (for example: not eligible for auto-proxying)
2019-05-10 17:40:29,551 INFO  o.s.c.s.PostProcessorRegistrationDelegate$BeanPostProcessorChecker[325]: Bean 'org.springframework.boot.autoconfigure.cache.CacheAutoConfiguration' of type [class org.springframework.boot.autoconfigure.cache.CacheAutoConfiguration$$EnhancerBySpringCGLIB$$bb5addeb] is not eligible for getting processed by all BeanPostProcessors (for example: not eligible for auto-proxying)
2019-05-10 17:40:29,652 INFO  o.s.c.s.PostProcessorRegistrationDelegate$BeanPostProcessorChecker[325]: Bean 'spring.cache-org.springframework.boot.autoconfigure.cache.CacheProperties' of type [class org.springframework.boot.autoconfigure.cache.CacheProperties] is not eligible for getting processed by all BeanPostProcessors (for example: not eligible for auto-proxying)
2019-05-10 17:40:29,658 INFO  o.s.c.s.PostProcessorRegistrationDelegate$BeanPostProcessorChecker[325]: Bean 'org.springframework.boot.autoconfigure.cache.CacheManagerCustomizers' of type [class org.springframework.boot.autoconfigure.cache.CacheManagerCustomizers] is not eligible for getting processed by all BeanPostProcessors (for example: not eligible for auto-proxying)
2019-05-10 17:40:29,661 INFO  o.s.c.s.PostProcessorRegistrationDelegate$BeanPostProcessorChecker[325]: Bean 'org.springframework.boot.autoconfigure.cache.RedisCacheConfiguration' of type [class org.springframework.boot.autoconfigure.cache.RedisCacheConfiguration$$EnhancerBySpringCGLIB$$6bec7a45] is not eligible for getting processed by all BeanPostProcessors (for example: not eligible for auto-proxying)
2019-05-10 17:40:29,666 INFO  o.s.c.s.PostProcessorRegistrationDelegate$BeanPostProcessorChecker[325]: Bean 'org.springframework.boot.autoconfigure.data.redis.RedisAutoConfiguration$RedisConfiguration' of type [class org.springframework.boot.autoconfigure.data.redis.RedisAutoConfiguration$RedisConfiguration$$EnhancerBySpringCGLIB$$c37768b6] is not eligible for getting processed by all BeanPostProcessors (for example: not eligible for auto-proxying)
2019-05-10 17:40:29,685 INFO  o.s.c.s.PostProcessorRegistrationDelegate$BeanPostProcessorChecker[325]: Bean 'spring.redis-org.springframework.boot.autoconfigure.data.redis.RedisProperties' of type [class org.springframework.boot.autoconfigure.data.redis.RedisProperties] is not eligible for getting processed by all BeanPostProcessors (for example: not eligible for auto-proxying)
2019-05-10 17:40:29,691 INFO  o.s.c.s.PostProcessorRegistrationDelegate$BeanPostProcessorChecker[325]: Bean 'org.springframework.boot.autoconfigure.data.redis.RedisAutoConfiguration$RedisConnectionConfiguration' of type [class org.springframework.boot.autoconfigure.data.redis.RedisAutoConfiguration$RedisConnectionConfiguration$$EnhancerBySpringCGLIB$$11cf0a38] is not eligible for getting processed by all BeanPostProcessors (for example: not eligible for auto-proxying)
2019-05-10 17:40:29,768 INFO  o.s.s.c.ThreadPoolTaskExecutor[165]: Initializing ExecutorService 
2019-05-10 17:40:29,768 INFO  o.s.c.s.PostProcessorRegistrationDelegate$BeanPostProcessorChecker[325]: Bean 'redisConnectionFactory' of type [class org.springframework.data.redis.connection.jedis.JedisConnectionFactory] is not eligible for getting processed by all BeanPostProcessors (for example: not eligible for auto-proxying)
2019-05-10 17:40:29,801 INFO  o.s.c.s.PostProcessorRegistrationDelegate$BeanPostProcessorChecker[325]: Bean 'redisTemplate' of type [class org.springframework.data.redis.core.RedisTemplate] is not eligible for getting processed by all BeanPostProcessors (for example: not eligible for auto-proxying)
2019-05-10 17:40:29,810 INFO  o.s.c.s.PostProcessorRegistrationDelegate$BeanPostProcessorChecker[325]: Bean 'cacheManager' of type [class org.springframework.data.redis.cache.RedisCacheManager] is not eligible for getting processed by all BeanPostProcessors (for example: not eligible for auto-proxying)
2019-05-10 17:40:29,811 INFO  o.s.c.s.PostProcessorRegistrationDelegate$BeanPostProcessorChecker[325]: Bean 'cacheAutoConfigurationValidator' of type [class org.springframework.boot.autoconfigure.cache.CacheAutoConfiguration$CacheManagerValidator] is not eligible for getting processed by all BeanPostProcessors (for example: not eligible for auto-proxying)
2019-05-10 17:40:30,273 INFO  o.s.b.c.e.t.TomcatEmbeddedServletContainer[89]: Tomcat initialized with port(s): 8080 (http)
2019-05-10 17:40:30,282 INFO  o.a.c.core.StandardService[179]: Starting service Tomcat
2019-05-10 17:40:30,282 INFO  o.a.c.core.StandardEngine[179]: Starting Servlet Engine: Apache Tomcat/8.5.11
2019-05-10 17:40:30,400 INFO  o.a.c.c.C.[.[.[/sdktest][179]: Initializing Spring embedded WebApplicationContext
2019-05-10 17:40:30,401 INFO  o.s.web.context.ContextLoader[276]: Root WebApplicationContext: initialization completed in 2778 ms
2019-05-10 17:40:30,642 INFO  o.s.b.w.s.ServletRegistrationBean[190]: Mapping servlet: 'dispatcherServlet' to [/]
2019-05-10 17:40:30,646 INFO  o.s.b.w.s.FilterRegistrationBean[258]: Mapping filter: 'metricsFilter' to: [/*]
2019-05-10 17:40:30,646 INFO  o.s.b.w.s.FilterRegistrationBean[258]: Mapping filter: 'characterEncodingFilter' to: [/*]
2019-05-10 17:40:30,646 INFO  o.s.b.w.s.FilterRegistrationBean[258]: Mapping filter: 'hiddenHttpMethodFilter' to: [/*]
2019-05-10 17:40:30,646 INFO  o.s.b.w.s.FilterRegistrationBean[258]: Mapping filter: 'httpPutFormContentFilter' to: [/*]
2019-05-10 17:40:30,646 INFO  o.s.b.w.s.FilterRegistrationBean[258]: Mapping filter: 'requestContextFilter' to: [/*]
2019-05-10 17:40:30,646 INFO  o.s.b.w.s.FilterRegistrationBean[258]: Mapping filter: 'webRequestLoggingFilter' to: [/*]
2019-05-10 17:40:30,646 INFO  o.s.b.w.s.FilterRegistrationBean[258]: Mapping filter: 'applicationContextIdFilter' to: [/*]
2019-05-10 17:40:31,398 INFO  o.s.w.s.m.m.a.RequestMappingHandlerAdapter[534]: Looking for @ControllerAdvice: org.springframework.boot.context.embedded.AnnotationConfigEmbeddedWebApplicationContext@4fc644: startup date [Fri May 10 17:40:27 CST 2019]; root of context hierarchy
2019-05-10 17:40:31,469 INFO  o.s.w.s.m.m.a.RequestMappingHandlerMapping[543]: Mapped "{[/pushObject]}" onto public java.lang.Object com.spier.controller.RedisTestController.testRedisPush()
2019-05-10 17:40:31,470 INFO  o.s.w.s.m.m.a.RequestMappingHandlerMapping[543]: Mapped "{[/push2]}" onto public java.lang.Object com.spier.controller.RedisTestController.testRedisPush2(java.lang.String)
2019-05-10 17:40:31,471 INFO  o.s.w.s.m.m.a.RequestMappingHandlerMapping[543]: Mapped "{[/pushList]}" onto public java.lang.Object com.spier.controller.RedisTestController.testRedisPush2()
2019-05-10 17:40:31,471 INFO  o.s.w.s.m.m.a.RequestMappingHandlerMapping[543]: Mapped "{[/pushObjectList]}" onto public java.lang.Object com.spier.controller.RedisTestController.testRedisPush3()
2019-05-10 17:40:31,471 INFO  o.s.w.s.m.m.a.RequestMappingHandlerMapping[543]: Mapped "{[/pop]}" onto public java.lang.Object com.spier.controller.RedisTestController.testRedisPop(java.lang.String)
2019-05-10 17:40:31,472 INFO  o.s.w.s.m.m.a.RequestMappingHandlerMapping[543]: Mapped "{[/list/{name}]}" onto public java.util.List<com.spier.entity.User> com.spier.controller.UserControlelr.queryUserAll(java.lang.String)
2019-05-10 17:40:31,472 INFO  o.s.w.s.m.m.a.RequestMappingHandlerMapping[543]: Mapped "{[/hello]}" onto public java.lang.String com.spier.controller.UserControlelr.HelloWorld()
2019-05-10 17:40:31,475 INFO  o.s.w.s.m.m.a.RequestMappingHandlerMapping[543]: Mapped "{[/error]}" onto public org.springframework.http.ResponseEntity<java.util.Map<java.lang.String, java.lang.Object>> org.springframework.boot.autoconfigure.web.BasicErrorController.error(javax.servlet.http.HttpServletRequest)
2019-05-10 17:40:31,475 INFO  o.s.w.s.m.m.a.RequestMappingHandlerMapping[543]: Mapped "{[/error],produces=[text/html]}" onto public org.springframework.web.servlet.ModelAndView org.springframework.boot.autoconfigure.web.BasicErrorController.errorHtml(javax.servlet.http.HttpServletRequest,javax.servlet.http.HttpServletResponse)
2019-05-10 17:40:31,512 INFO  o.s.w.s.h.SimpleUrlHandlerMapping[354]: Mapped URL path [/webjars/**] onto handler of type [class org.springframework.web.servlet.resource.ResourceHttpRequestHandler]
2019-05-10 17:40:31,512 INFO  o.s.w.s.h.SimpleUrlHandlerMapping[354]: Mapped URL path [/**] onto handler of type [class org.springframework.web.servlet.resource.ResourceHttpRequestHandler]
2019-05-10 17:40:31,566 INFO  o.s.w.s.h.SimpleUrlHandlerMapping[354]: Mapped URL path [/**/favicon.ico] onto handler of type [class org.springframework.web.servlet.resource.ResourceHttpRequestHandler]
2019-05-10 17:40:32,032 INFO  o.s.b.a.e.m.EndpointHandlerMapping[543]: Mapped "{[/health || /health.json],produces=[application/json]}" onto public java.lang.Object org.springframework.boot.actuate.endpoint.mvc.HealthMvcEndpoint.invoke(java.security.Principal)
2019-05-10 17:40:32,035 INFO  o.s.b.a.e.m.EndpointHandlerMapping[543]: Mapped "{[/metrics/{name:.*}],methods=[GET],produces=[application/json]}" onto public java.lang.Object org.springframework.boot.actuate.endpoint.mvc.MetricsMvcEndpoint.value(java.lang.String)
2019-05-10 17:40:32,035 INFO  o.s.b.a.e.m.EndpointHandlerMapping[543]: Mapped "{[/metrics || /metrics.json],methods=[GET],produces=[application/json]}" onto public java.lang.Object org.springframework.boot.actuate.endpoint.mvc.EndpointMvcAdapter.invoke()
2019-05-10 17:40:32,036 INFO  o.s.b.a.e.m.EndpointHandlerMapping[543]: Mapped "{[/configprops || /configprops.json],methods=[GET],produces=[application/json]}" onto public java.lang.Object org.springframework.boot.actuate.endpoint.mvc.EndpointMvcAdapter.invoke()
2019-05-10 17:40:32,036 INFO  o.s.b.a.e.m.EndpointHandlerMapping[543]: Mapped "{[/dump || /dump.json],methods=[GET],produces=[application/json]}" onto public java.lang.Object org.springframework.boot.actuate.endpoint.mvc.EndpointMvcAdapter.invoke()
2019-05-10 17:40:32,037 INFO  o.s.b.a.e.m.EndpointHandlerMapping[543]: Mapped "{[/autoconfig || /autoconfig.json],methods=[GET],produces=[application/json]}" onto public java.lang.Object org.springframework.boot.actuate.endpoint.mvc.EndpointMvcAdapter.invoke()
2019-05-10 17:40:32,037 INFO  o.s.b.a.e.m.EndpointHandlerMapping[543]: Mapped "{[/trace || /trace.json],methods=[GET],produces=[application/json]}" onto public java.lang.Object org.springframework.boot.actuate.endpoint.mvc.EndpointMvcAdapter.invoke()
2019-05-10 17:40:32,038 INFO  o.s.b.a.e.m.EndpointHandlerMapping[543]: Mapped "{[/heapdump || /heapdump.json],methods=[GET],produces=[application/octet-stream]}" onto public void org.springframework.boot.actuate.endpoint.mvc.HeapdumpMvcEndpoint.invoke(boolean,javax.servlet.http.HttpServletRequest,javax.servlet.http.HttpServletResponse) throws java.io.IOException,javax.servlet.ServletException
2019-05-10 17:40:32,039 INFO  o.s.b.a.e.m.EndpointHandlerMapping[543]: Mapped "{[/mappings || /mappings.json],methods=[GET],produces=[application/json]}" onto public java.lang.Object org.springframework.boot.actuate.endpoint.mvc.EndpointMvcAdapter.invoke()
2019-05-10 17:40:32,042 INFO  o.s.b.a.e.m.EndpointHandlerMapping[543]: Mapped "{[/env/{name:.*}],methods=[GET],produces=[application/json]}" onto public java.lang.Object org.springframework.boot.actuate.endpoint.mvc.EnvironmentMvcEndpoint.value(java.lang.String)
2019-05-10 17:40:32,043 INFO  o.s.b.a.e.m.EndpointHandlerMapping[543]: Mapped "{[/env || /env.json],methods=[GET],produces=[application/json]}" onto public java.lang.Object org.springframework.boot.actuate.endpoint.mvc.EndpointMvcAdapter.invoke()
2019-05-10 17:40:32,043 INFO  o.s.b.a.e.m.EndpointHandlerMapping[543]: Mapped "{[/beans || /beans.json],methods=[GET],produces=[application/json]}" onto public java.lang.Object org.springframework.boot.actuate.endpoint.mvc.EndpointMvcAdapter.invoke()
2019-05-10 17:40:32,044 INFO  o.s.b.a.e.m.EndpointHandlerMapping[543]: Mapped "{[/info || /info.json],methods=[GET],produces=[application/json]}" onto public java.lang.Object org.springframework.boot.actuate.endpoint.mvc.EndpointMvcAdapter.invoke()
2019-05-10 17:40:32,366 INFO  o.s.b.d.a.OptionalLiveReloadServer[58]: LiveReload server is running on port 35729
2019-05-10 17:40:32,573 INFO  o.s.j.e.a.AnnotationMBeanExporter[431]: Registering beans for JMX exposure on startup
2019-05-10 17:40:32,574 INFO  o.s.j.e.a.AnnotationMBeanExporter[916]: Bean with name 'dataSource' has been autodetected for JMX exposure
2019-05-10 17:40:32,581 INFO  o.s.j.e.a.AnnotationMBeanExporter[671]: Located MBean 'dataSource': registering with JMX server as MBean [com.alibaba.druid.pool:name=dataSource,type=DruidDataSource]
2019-05-10 17:40:32,582 INFO  o.s.b.a.e.j.EndpointMBeanExporter[431]: Registering beans for JMX exposure on startup
2019-05-10 17:40:32,585 INFO  o.s.c.s.DefaultLifecycleProcessor[341]: Starting beans in phase 0
2019-05-10 17:40:32,591 INFO  o.s.b.a.e.j.EndpointMBeanExporter[678]: Located managed bean 'requestMappingEndpoint': registering with JMX server as MBean [org.springframework.boot:type=Endpoint,name=requestMappingEndpoint]
2019-05-10 17:40:32,609 INFO  o.s.b.a.e.j.EndpointMBeanExporter[678]: Located managed bean 'environmentEndpoint': registering with JMX server as MBean [org.springframework.boot:type=Endpoint,name=environmentEndpoint]
2019-05-10 17:40:32,612 INFO  o.s.b.a.e.j.EndpointMBeanExporter[678]: Located managed bean 'healthEndpoint': registering with JMX server as MBean [org.springframework.boot:type=Endpoint,name=healthEndpoint]
2019-05-10 17:40:32,615 INFO  o.s.b.a.e.j.EndpointMBeanExporter[678]: Located managed bean 'beansEndpoint': registering with JMX server as MBean [org.springframework.boot:type=Endpoint,name=beansEndpoint]
2019-05-10 17:40:32,618 INFO  o.s.b.a.e.j.EndpointMBeanExporter[678]: Located managed bean 'infoEndpoint': registering with JMX server as MBean [org.springframework.boot:type=Endpoint,name=infoEndpoint]
2019-05-10 17:40:32,620 INFO  o.s.b.a.e.j.EndpointMBeanExporter[678]: Located managed bean 'metricsEndpoint': registering with JMX server as MBean [org.springframework.boot:type=Endpoint,name=metricsEndpoint]
2019-05-10 17:40:32,623 INFO  o.s.b.a.e.j.EndpointMBeanExporter[678]: Located managed bean 'traceEndpoint': registering with JMX server as MBean [org.springframework.boot:type=Endpoint,name=traceEndpoint]
2019-05-10 17:40:32,626 INFO  o.s.b.a.e.j.EndpointMBeanExporter[678]: Located managed bean 'dumpEndpoint': registering with JMX server as MBean [org.springframework.boot:type=Endpoint,name=dumpEndpoint]
2019-05-10 17:40:32,631 INFO  o.s.b.a.e.j.EndpointMBeanExporter[678]: Located managed bean 'autoConfigurationReportEndpoint': registering with JMX server as MBean [org.springframework.boot:type=Endpoint,name=autoConfigurationReportEndpoint]
2019-05-10 17:40:32,633 INFO  o.s.b.a.e.j.EndpointMBeanExporter[678]: Located managed bean 'configurationPropertiesReportEndpoint': registering with JMX server as MBean [org.springframework.boot:type=Endpoint,name=configurationPropertiesReportEndpoint]
2019-05-10 17:40:32,647 INFO  o.a.c.http11.Http11NioProtocol[179]: Initializing ProtocolHandler ["http-nio-8080"]
2019-05-10 17:40:32,657 INFO  o.a.c.http11.Http11NioProtocol[179]: Starting ProtocolHandler [http-nio-8080]
2019-05-10 17:40:32,670 INFO  o.a.t.util.net.NioSelectorPool[179]: Using a shared selector for servlet write/read
2019-05-10 17:40:32,696 INFO  o.s.b.c.e.t.TomcatEmbeddedServletContainer[192]: Tomcat started on port(s): 8080 (http)
2019-05-10 17:40:32,701 INFO  com.spier.Start[57]: Started Start in 5.591 seconds (JVM running for 6.136)
2019-05-10 17:43:16,407 INFO  o.a.c.c.C.[.[.[/sdktest][179]: Initializing Spring FrameworkServlet 'dispatcherServlet'
2019-05-10 17:43:16,408 INFO  o.s.w.s.DispatcherServlet[489]: FrameworkServlet 'dispatcherServlet': initialization started
2019-05-10 17:43:16,425 INFO  o.s.w.s.DispatcherServlet[508]: FrameworkServlet 'dispatcherServlet': initialization completed in 17 ms
